<?xml version="1.0" encoding="UTF-8"?>
<!-- Generated by org.testng.reporters.JUnitReportReporter -->
<testsuite hostname="Neeshu-SB" failures="0" tests="1" name="JobsAPI.ValidateJSONResponse" time="4.187" errors="1" timestamp="2022-04-01T22:39:11 PDT" skipped="0">
  <testcase classname="JobsAPI.ValidateJSONResponse" name="getAllJobs" time="4.187">
    <error message="com.github.fge.jsonschema.core.exceptions.InvalidSchemaException: fatal: invalid JSON Schema, cannot continue
Syntax errors:
[ {
  &quot;level&quot; : &quot;error&quot;,
  &quot;message&quot; : &quot;\&quot;Integer\&quot; is not a valid primitive type (valid values are: [array, boolean, integer, null, number, object, string])&quot;,
  &quot;domain&quot; : &quot;syntax&quot;,
  &quot;schema&quot; : {
    &quot;loadingURI&quot; : &quot;file:/C:/Users/naran/eclipse-workspace/JobsApiRestAssured/target/test-classes/JsonSchema%5CJobsSchema.json#&quot;,
    &quot;pointer&quot; : &quot;/properties/data/properties/Job Title/properties/0&quot;
  },
  &quot;keyword&quot; : &quot;type&quot;,
  &quot;found&quot; : &quot;Integer&quot;,
  &quot;valid&quot; : [ &quot;array&quot;, &quot;boolean&quot;, &quot;integer&quot;, &quot;null&quot;, &quot;number&quot;, &quot;object&quot;, &quot;string&quot; ]
} ]
    level: &quot;fatal&quot;
" type="io.restassured.module.jsv.JsonSchemaValidationException">
      <![CDATA[io.restassured.module.jsv.JsonSchemaValidationException: com.github.fge.jsonschema.core.exceptions.InvalidSchemaException: fatal: invalid JSON Schema, cannot continue
Syntax errors:
[ {
  "level" : "error",
  "message" : "\"Integer\" is not a valid primitive type (valid values are: [array, boolean, integer, null, number, object, string])",
  "domain" : "syntax",
  "schema" : {
    "loadingURI" : "file:/C:/Users/naran/eclipse-workspace/JobsApiRestAssured/target/test-classes/JsonSchema%5CJobsSchema.json#",
    "pointer" : "/properties/data/properties/Job Title/properties/0"
  },
  "keyword" : "type",
  "found" : "Integer",
  "valid" : [ "array", "boolean", "integer", "null", "number", "object", "string" ]
} ]
    level: "fatal"

at io.restassured.module.jsv.JsonSchemaValidator.matchesSafely(JsonSchemaValidator.java:233)
at io.restassured.module.jsv.JsonSchemaValidator.matchesSafely(JsonSchemaValidator.java:75)
at org.hamcrest.TypeSafeMatcher.matches(TypeSafeMatcher.java:67)
at org.hamcrest.MatcherAssert.assertThat(MatcherAssert.java:10)
at org.hamcrest.MatcherAssert.assertThat(MatcherAssert.java:6)
at JobsAPI.ValidateJSONResponse.getAllJobs(ValidateJSONResponse.java:30)
at java.base/jdk.internal.reflect.NativeMethodAccessorImpl.invoke0(Native Method)
at java.base/jdk.internal.reflect.NativeMethodAccessorImpl.invoke(NativeMethodAccessorImpl.java:77)
at java.base/jdk.internal.reflect.DelegatingMethodAccessorImpl.invoke(DelegatingMethodAccessorImpl.java:43)
at java.base/java.lang.reflect.Method.invoke(Method.java:568)
at org.testng.internal.MethodInvocationHelper.invokeMethod(MethodInvocationHelper.java:133)
at org.testng.internal.TestInvoker.invokeMethod(TestInvoker.java:598)
at org.testng.internal.TestInvoker.invokeTestMethod(TestInvoker.java:173)
at org.testng.internal.MethodRunner.runInSequence(MethodRunner.java:46)
at org.testng.internal.TestInvoker$MethodInvocationAgent.invoke(TestInvoker.java:824)
at org.testng.internal.TestInvoker.invokeTestMethods(TestInvoker.java:146)
at org.testng.internal.TestMethodWorker.invokeTestMethods(TestMethodWorker.java:146)
at org.testng.internal.TestMethodWorker.run(TestMethodWorker.java:128)
at java.base/java.util.ArrayList.forEach(ArrayList.java:1511)
at org.testng.TestRunner.privateRun(TestRunner.java:794)
at org.testng.TestRunner.run(TestRunner.java:596)
at org.testng.SuiteRunner.runTest(SuiteRunner.java:377)
at org.testng.SuiteRunner.runSequentially(SuiteRunner.java:371)
at org.testng.SuiteRunner.privateRun(SuiteRunner.java:332)
at org.testng.SuiteRunner.run(SuiteRunner.java:276)
at org.testng.SuiteRunnerWorker.runSuite(SuiteRunnerWorker.java:53)
at org.testng.SuiteRunnerWorker.run(SuiteRunnerWorker.java:96)
at org.testng.TestNG.runSuitesSequentially(TestNG.java:1212)
at org.testng.TestNG.runSuitesLocally(TestNG.java:1134)
at org.testng.TestNG.runSuites(TestNG.java:1063)
at org.testng.TestNG.run(TestNG.java:1031)
at org.testng.remote.AbstractRemoteTestNG.run(AbstractRemoteTestNG.java:115)
at org.testng.remote.RemoteTestNG.initAndRun(RemoteTestNG.java:251)
at org.testng.remote.RemoteTestNG.main(RemoteTestNG.java:77)
Caused by: com.github.fge.jsonschema.core.exceptions.InvalidSchemaException: fatal: invalid JSON Schema, cannot continue
Syntax errors:
[ {
  "level" : "error",
  "message" : "\"Integer\" is not a valid primitive type (valid values are: [array, boolean, integer, null, number, object, string])",
  "domain" : "syntax",
  "schema" : {
    "loadingURI" : "file:/C:/Users/naran/eclipse-workspace/JobsApiRestAssured/target/test-classes/JsonSchema%5CJobsSchema.json#",
    "pointer" : "/properties/data/properties/Job Title/properties/0"
  },
  "keyword" : "type",
  "found" : "Integer",
  "valid" : [ "array", "boolean", "integer", "null", "number", "object", "string" ]
} ]
    level: "fatal"

at com.github.fge.jsonschema.processors.validation.InstanceValidator.process(InstanceValidator.java:114)
at com.github.fge.jsonschema.processors.validation.ValidationProcessor.process(ValidationProcessor.java:56)
at com.github.fge.jsonschema.processors.validation.ValidationProcessor.process(ValidationProcessor.java:34)
at com.github.fge.jsonschema.core.processing.ProcessingResult.of(ProcessingResult.java:79)
at com.github.fge.jsonschema.main.JsonSchemaImpl.doValidate(JsonSchemaImpl.java:77)
at com.github.fge.jsonschema.main.JsonSchemaImpl.validate(JsonSchemaImpl.java:100)
at com.github.fge.jsonschema.main.JsonSchemaImpl.validate(JsonSchemaImpl.java:110)
at io.restassured.module.jsv.JsonSchemaValidator.matchesSafely(JsonSchemaValidator.java:227)
... 33 more
]]>
    </error>
  </testcase> <!-- getAllJobs -->
  <system-out/>
</testsuite> <!-- JobsAPI.ValidateJSONResponse -->
